  Communication.cpp
d:\temp\mme2019\network\communication.cpp(132): warning C4267: 'argument': conversion from 'size_t' to 'unsigned int', possible loss of data
d:\temp\mme2019\network\communication.cpp(215): warning C4267: 'argument': conversion from 'size_t' to 'unsigned int', possible loss of data
  main.cpp
d:\temp\mme2019\network\main.cpp(68): warning C4267: 'argument': conversion from 'size_t' to 'unsigned int', possible loss of data
d:\temp\mme2019\network\main.cpp(96): warning C4267: 'argument': conversion from 'size_t' to 'unsigned int', possible loss of data
  OS_depend.cpp
d:\temp\mme2019\network\os_depend.cpp(44): error C4996: 'strerror': This function or variable may be unsafe. Consider using strerror_s instead. To disable deprecation, use _CRT_SECURE_NO_WARNINGS. See online help for details.
  c:\program files (x86)\windows kits\10\include\10.0.17763.0\ucrt\string.h(182): note: see declaration of 'strerror'
d:\temp\mme2019\network\os_depend.cpp(69): error C4996: '_ftime64': This function or variable may be unsafe. Consider using _ftime64_s instead. To disable deprecation, use _CRT_SECURE_NO_WARNINGS. See online help for details.
  c:\program files (x86)\windows kits\10\include\10.0.17763.0\ucrt\sys\timeb.h(76): note: see declaration of '_ftime64'
  TCPLayer.cpp
d:\temp\mme2019\network\tcplayer.cpp(52): error C4996: 'strcpy': This function or variable may be unsafe. Consider using strcpy_s instead. To disable deprecation, use _CRT_SECURE_NO_WARNINGS. See online help for details.
  c:\program files (x86)\windows kits\10\include\10.0.17763.0\ucrt\string.h(133): note: see declaration of 'strcpy'
d:\temp\mme2019\network\tcplayer.cpp(311): error C4996: 'sprintf': This function or variable may be unsafe. Consider using sprintf_s instead. To disable deprecation, use _CRT_SECURE_NO_WARNINGS. See online help for details.
  c:\program files (x86)\windows kits\10\include\10.0.17763.0\ucrt\stdio.h(1774): note: see declaration of 'sprintf'
d:\temp\mme2019\network\tcplayer.cpp(405): error C4996: 'gethostbyname': Use getaddrinfo() or GetAddrInfoW() instead or define _WINSOCK_DEPRECATED_NO_WARNINGS to disable deprecated API warnings
  c:\program files (x86)\windows kits\10\include\10.0.17763.0\um\winsock2.h(2219): note: see declaration of 'gethostbyname'
d:\temp\mme2019\network\tcplayer.cpp(433): error C4996: 'sprintf': This function or variable may be unsafe. Consider using sprintf_s instead. To disable deprecation, use _CRT_SECURE_NO_WARNINGS. See online help for details.
  c:\program files (x86)\windows kits\10\include\10.0.17763.0\ucrt\stdio.h(1774): note: see declaration of 'sprintf'
  Generating Code...
